[4.966s] DEBUG:colcon:Command line arguments: ['/usr/bin/colcon', 'build']
[4.966s] DEBUG:colcon:Parsed command line arguments: Namespace(allow_overriding=[], ament_cmake_args=None, base_paths=['.'], build_base='build', catkin_cmake_args=None, catkin_skip_building_tests=False, cmake_args=None, cmake_clean_cache=False, cmake_clean_first=False, cmake_force_configure=False, cmake_target=None, cmake_target_skip_unavailable=False, continue_on_error=False, event_handlers=None, executor='parallel', ignore_user_meta=False, install_base='install', log_base=None, log_level=None, main=<bound method BuildVerb.main of <colcon_core.verb.build.BuildVerb object at 0x7f3ceea4acd0>>, merge_install=False, metas=['./colcon.meta'], mixin=None, mixin_files=None, mixin_verb=('build',), packages_above=None, packages_above_and_dependencies=None, packages_above_depth=None, packages_end=None, packages_ignore=None, packages_ignore_regex=None, packages_select=None, packages_select_build_failed=False, packages_select_by_dep=None, packages_select_regex=None, packages_select_test_failures=False, packages_skip=None, packages_skip_build_finished=False, packages_skip_by_dep=None, packages_skip_regex=None, packages_skip_test_passed=False, packages_skip_up_to=None, packages_start=None, packages_up_to=None, packages_up_to_regex=None, parallel_workers=8, paths=None, symlink_install=False, test_result_base=None, verb_extension=<colcon_core.verb.build.BuildVerb object at 0x7f3ceea4acd0>, verb_name='build', verb_parser=<colcon_mixin.mixin.mixin_argument.MixinArgumentDecorator object at 0x7f3ceea5f400>)
[5.906s] Level 1:colcon.colcon_core.package_discovery:discover_packages(colcon_meta) check parameters
[5.906s] Level 1:colcon.colcon_core.package_discovery:discover_packages(recursive) check parameters
[5.906s] Level 1:colcon.colcon_core.package_discovery:discover_packages(ignore) check parameters
[5.906s] Level 1:colcon.colcon_core.package_discovery:discover_packages(path) check parameters
[5.906s] Level 1:colcon.colcon_core.package_discovery:discover_packages(colcon_meta) discover
[5.907s] Level 1:colcon.colcon_core.package_discovery:discover_packages(recursive) discover
[5.907s] INFO:colcon.colcon_core.package_discovery:Crawling recursively for packages in '/home/johan/Documents/final_assignment'
[5.907s] Level 1:colcon.colcon_core.package_identification:_identify(.) by extensions ['ignore', 'ignore_ament_install']
[5.907s] Level 1:colcon.colcon_core.package_identification:_identify(.) by extension 'ignore'
[5.907s] Level 1:colcon.colcon_core.package_identification:_identify(.) by extension 'ignore_ament_install'
[5.907s] Level 1:colcon.colcon_core.package_identification:_identify(.) by extensions ['colcon_pkg']
[5.907s] Level 1:colcon.colcon_core.package_identification:_identify(.) by extension 'colcon_pkg'
[5.908s] Level 1:colcon.colcon_core.package_identification:_identify(.) by extensions ['colcon_meta']
[5.908s] Level 1:colcon.colcon_core.package_identification:_identify(.) by extension 'colcon_meta'
[5.908s] Level 1:colcon.colcon_core.package_identification:_identify(.) by extensions ['ros']
[5.908s] Level 1:colcon.colcon_core.package_identification:_identify(.) by extension 'ros'
[6.078s] Level 1:colcon.colcon_core.package_identification:_identify(.) by extensions ['cmake', 'python']
[6.078s] Level 1:colcon.colcon_core.package_identification:_identify(.) by extension 'cmake'
[6.078s] Level 1:colcon.colcon_core.package_identification:_identify(.) by extension 'python'
[6.078s] Level 1:colcon.colcon_core.package_identification:_identify(.) by extensions ['python_setup_py']
[6.078s] Level 1:colcon.colcon_core.package_identification:_identify(.) by extension 'python_setup_py'
[6.078s] Level 1:colcon.colcon_core.package_identification:_identify(build) by extensions ['ignore', 'ignore_ament_install']
[6.078s] Level 1:colcon.colcon_core.package_identification:_identify(build) by extension 'ignore'
[6.078s] Level 1:colcon.colcon_core.package_identification:_identify(build) ignored
[6.079s] Level 1:colcon.colcon_core.package_identification:_identify(install) by extensions ['ignore', 'ignore_ament_install']
[6.079s] Level 1:colcon.colcon_core.package_identification:_identify(install) by extension 'ignore'
[6.079s] Level 1:colcon.colcon_core.package_identification:_identify(install) ignored
[6.079s] Level 1:colcon.colcon_core.package_identification:_identify(log) by extensions ['ignore', 'ignore_ament_install']
[6.079s] Level 1:colcon.colcon_core.package_identification:_identify(log) by extension 'ignore'
[6.079s] Level 1:colcon.colcon_core.package_identification:_identify(log) ignored
[6.079s] Level 1:colcon.colcon_core.package_discovery:discover_packages(recursive) using defaults
[6.079s] Level 1:colcon.colcon_core.package_discovery:discover_packages(ignore) discover
[6.079s] Level 1:colcon.colcon_core.package_discovery:discover_packages(ignore) using defaults
[6.079s] Level 1:colcon.colcon_core.package_discovery:discover_packages(path) discover
[6.079s] Level 1:colcon.colcon_core.package_discovery:discover_packages(path) using defaults
[6.171s] Level 1:colcon.colcon_core.package_discovery:discover_packages(prefix_path) check parameters
[6.171s] Level 1:colcon.colcon_core.package_discovery:discover_packages(prefix_path) discover
[6.176s] DEBUG:colcon.colcon_installed_package_information.package_discovery:Found 264 installed packages in /opt/ros/foxy
[6.179s] Level 1:colcon.colcon_core.package_discovery:discover_packages(prefix_path) using defaults
[7.060s] INFO:colcon.colcon_core.executor:Executing jobs using 'parallel' executor
[7.062s] DEBUG:colcon.colcon_parallel_executor.executor.parallel:run_until_complete
[7.062s] DEBUG:colcon.colcon_parallel_executor.executor.parallel:closing loop
[7.062s] DEBUG:colcon.colcon_parallel_executor.executor.parallel:loop closed
[7.062s] DEBUG:colcon.colcon_parallel_executor.executor.parallel:run_until_complete finished with '0'
[7.063s] DEBUG:colcon.colcon_core.event_reactor:joining thread
[7.102s] INFO:colcon.colcon_core.plugin_system:Skipping extension 'colcon_notification.desktop_notification.terminal_notifier': Not used on non-Darwin systems
[7.102s] INFO:colcon.colcon_core.plugin_system:Skipping extension 'colcon_notification.desktop_notification.win32': Not used on non-Windows systems
[7.102s] INFO:colcon.colcon_notification.desktop_notification:Sending desktop notification using 'notify2'
[7.133s] DEBUG:colcon.colcon_core.event_reactor:joined thread
[7.142s] INFO:colcon.colcon_core.plugin_system:Skipping extension 'colcon_core.shell.bat': Not used on non-Windows systems
[7.143s] INFO:colcon.colcon_core.shell:Creating prefix script '/home/johan/Documents/final_assignment/install/local_setup.ps1'
[7.162s] INFO:colcon.colcon_core.shell:Creating prefix util module '/home/johan/Documents/final_assignment/install/_local_setup_util_ps1.py'
[7.210s] INFO:colcon.colcon_core.shell:Creating prefix chain script '/home/johan/Documents/final_assignment/install/setup.ps1'
[7.212s] INFO:colcon.colcon_core.shell:Creating prefix script '/home/johan/Documents/final_assignment/install/local_setup.sh'
[7.241s] INFO:colcon.colcon_core.shell:Creating prefix util module '/home/johan/Documents/final_assignment/install/_local_setup_util_sh.py'
[7.243s] INFO:colcon.colcon_core.shell:Creating prefix chain script '/home/johan/Documents/final_assignment/install/setup.sh'
[7.245s] INFO:colcon.colcon_core.shell:Creating prefix script '/home/johan/Documents/final_assignment/install/local_setup.bash'
[7.274s] INFO:colcon.colcon_core.shell:Creating prefix chain script '/home/johan/Documents/final_assignment/install/setup.bash'
[7.277s] INFO:colcon.colcon_core.shell:Creating prefix script '/home/johan/Documents/final_assignment/install/local_setup.zsh'
[7.339s] INFO:colcon.colcon_core.shell:Creating prefix chain script '/home/johan/Documents/final_assignment/install/setup.zsh'
