/home/johan/Documents/final_assignment/install/my_python_node/lib/python3.8/site-packages/my_python_node/__init__.py
/home/johan/Documents/final_assignment/install/my_python_node/lib/python3.8/site-packages/my_python_node/TSM_node.py
/home/johan/Documents/final_assignment/install/my_python_node/lib/python3.8/site-packages/my_python_node/TSM_node_copy.py
/home/johan/Documents/final_assignment/install/my_python_node/lib/python3.8/site-packages/my_python_node/Read_BRAM.py
/home/johan/Documents/final_assignment/install/my_python_node/lib/python3.8/site-packages/my_python_node/simple_node.py
/home/johan/Documents/final_assignment/install/my_python_node/lib/python3.8/site-packages/my_python_node/__pycache__/__init__.cpython-38.pyc
/home/johan/Documents/final_assignment/install/my_python_node/lib/python3.8/site-packages/my_python_node/__pycache__/TSM_node.cpython-38.pyc
/home/johan/Documents/final_assignment/install/my_python_node/lib/python3.8/site-packages/my_python_node/__pycache__/TSM_node_copy.cpython-38.pyc
/home/johan/Documents/final_assignment/install/my_python_node/lib/python3.8/site-packages/my_python_node/__pycache__/Read_BRAM.cpython-38.pyc
/home/johan/Documents/final_assignment/install/my_python_node/lib/python3.8/site-packages/my_python_node/__pycache__/simple_node.cpython-38.pyc
/home/johan/Documents/final_assignment/install/my_python_node/share/ament_index/resource_index/packages/my_python_node
/home/johan/Documents/final_assignment/install/my_python_node/share/my_python_node/package.xml
/home/johan/Documents/final_assignment/install/my_python_node/lib/python3.8/site-packages/my_python_node-0.0.0-py3.8.egg-info/PKG-INFO
/home/johan/Documents/final_assignment/install/my_python_node/lib/python3.8/site-packages/my_python_node-0.0.0-py3.8.egg-info/requires.txt
/home/johan/Documents/final_assignment/install/my_python_node/lib/python3.8/site-packages/my_python_node-0.0.0-py3.8.egg-info/SOURCES.txt
/home/johan/Documents/final_assignment/install/my_python_node/lib/python3.8/site-packages/my_python_node-0.0.0-py3.8.egg-info/zip-safe
/home/johan/Documents/final_assignment/install/my_python_node/lib/python3.8/site-packages/my_python_node-0.0.0-py3.8.egg-info/dependency_links.txt
/home/johan/Documents/final_assignment/install/my_python_node/lib/python3.8/site-packages/my_python_node-0.0.0-py3.8.egg-info/top_level.txt
/home/johan/Documents/final_assignment/install/my_python_node/lib/python3.8/site-packages/my_python_node-0.0.0-py3.8.egg-info/entry_points.txt
/home/johan/Documents/final_assignment/install/my_python_node/lib/my_python_node/BRAM_node
/home/johan/Documents/final_assignment/install/my_python_node/lib/my_python_node/TSM_node
/home/johan/Documents/final_assignment/install/my_python_node/lib/my_python_node/simple_node
