running egg_info
creating ../../build/my_python_node/my_python_node.egg-info
writing ../../build/my_python_node/my_python_node.egg-info/PKG-INFO
writing dependency_links to ../../build/my_python_node/my_python_node.egg-info/dependency_links.txt
writing entry points to ../../build/my_python_node/my_python_node.egg-info/entry_points.txt
writing requirements to ../../build/my_python_node/my_python_node.egg-info/requires.txt
writing top-level names to ../../build/my_python_node/my_python_node.egg-info/top_level.txt
writing manifest file '../../build/my_python_node/my_python_node.egg-info/SOURCES.txt'
reading manifest file '../../build/my_python_node/my_python_node.egg-info/SOURCES.txt'
writing manifest file '../../build/my_python_node/my_python_node.egg-info/SOURCES.txt'
running build
running build_py
creating /home/johan/Documents/final_assignment/build/my_python_node/build
creating /home/johan/Documents/final_assignment/build/my_python_node/build/lib
creating /home/johan/Documents/final_assignment/build/my_python_node/build/lib/my_python_node
copying my_python_node/__init__.py -> /home/johan/Documents/final_assignment/build/my_python_node/build/lib/my_python_node
copying my_python_node/simple_node.py -> /home/johan/Documents/final_assignment/build/my_python_node/build/lib/my_python_node
running install
running install_lib
creating /home/johan/Documents/final_assignment/install/my_python_node/lib/python3.8/site-packages/my_python_node
copying /home/johan/Documents/final_assignment/build/my_python_node/build/lib/my_python_node/__init__.py -> /home/johan/Documents/final_assignment/install/my_python_node/lib/python3.8/site-packages/my_python_node
copying /home/johan/Documents/final_assignment/build/my_python_node/build/lib/my_python_node/simple_node.py -> /home/johan/Documents/final_assignment/install/my_python_node/lib/python3.8/site-packages/my_python_node
byte-compiling /home/johan/Documents/final_assignment/install/my_python_node/lib/python3.8/site-packages/my_python_node/__init__.py to __init__.cpython-38.pyc
byte-compiling /home/johan/Documents/final_assignment/install/my_python_node/lib/python3.8/site-packages/my_python_node/simple_node.py to simple_node.cpython-38.pyc
running install_data
creating /home/johan/Documents/final_assignment/install/my_python_node/share/ament_index
creating /home/johan/Documents/final_assignment/install/my_python_node/share/ament_index/resource_index
creating /home/johan/Documents/final_assignment/install/my_python_node/share/ament_index/resource_index/packages
copying resource/my_python_node -> /home/johan/Documents/final_assignment/install/my_python_node/share/ament_index/resource_index/packages
copying package.xml -> /home/johan/Documents/final_assignment/install/my_python_node/share/my_python_node
running install_egg_info
Copying ../../build/my_python_node/my_python_node.egg-info to /home/johan/Documents/final_assignment/install/my_python_node/lib/python3.8/site-packages/my_python_node-0.0.0-py3.8.egg-info
running install_scripts
Installing simple_node script to /home/johan/Documents/final_assignment/install/my_python_node/lib/my_python_node
writing list of installed files to '/home/johan/Documents/final_assignment/build/my_python_node/install.log'
