[1.928s] Invoking command in '/home/johan/Documents/final_assignment/src/my_python_node': PYTHONPATH=/home/johan/Documents/final_assignment/build/my_python_node/prefix_override:/usr/lib/python3/dist-packages/colcon_core/task/python/colcon_distutils_commands:/home/johan/Documents/final_assignment/install/my_python_node/lib/python3.8/site-packages:${PYTHONPATH} /usr/bin/python3 -W ignore:setup.py install is deprecated setup.py egg_info --egg-base ../../build/my_python_node build --build-base /home/johan/Documents/final_assignment/build/my_python_node/build install --record /home/johan/Documents/final_assignment/build/my_python_node/install.log --install-scripts $base/lib/my_python_node --single-version-externally-managed install_data
[2.210s] running egg_info
[2.211s] creating ../../build/my_python_node/my_python_node.egg-info
[2.211s] writing ../../build/my_python_node/my_python_node.egg-info/PKG-INFO
[2.212s] writing dependency_links to ../../build/my_python_node/my_python_node.egg-info/dependency_links.txt
[2.212s] writing entry points to ../../build/my_python_node/my_python_node.egg-info/entry_points.txt
[2.212s] writing requirements to ../../build/my_python_node/my_python_node.egg-info/requires.txt
[2.212s] writing top-level names to ../../build/my_python_node/my_python_node.egg-info/top_level.txt
[2.301s] writing manifest file '../../build/my_python_node/my_python_node.egg-info/SOURCES.txt'
[2.348s] reading manifest file '../../build/my_python_node/my_python_node.egg-info/SOURCES.txt'
[2.348s] writing manifest file '../../build/my_python_node/my_python_node.egg-info/SOURCES.txt'
[2.349s] running build
[2.349s] running build_py
[2.349s] creating /home/johan/Documents/final_assignment/build/my_python_node/build
[2.349s] creating /home/johan/Documents/final_assignment/build/my_python_node/build/lib
[2.349s] creating /home/johan/Documents/final_assignment/build/my_python_node/build/lib/my_python_node
[2.350s] copying my_python_node/__init__.py -> /home/johan/Documents/final_assignment/build/my_python_node/build/lib/my_python_node
[2.350s] copying my_python_node/simple_node.py -> /home/johan/Documents/final_assignment/build/my_python_node/build/lib/my_python_node
[2.359s] running install
[2.361s] running install_lib
[2.363s] creating /home/johan/Documents/final_assignment/install/my_python_node/lib/python3.8/site-packages/my_python_node
[2.363s] copying /home/johan/Documents/final_assignment/build/my_python_node/build/lib/my_python_node/__init__.py -> /home/johan/Documents/final_assignment/install/my_python_node/lib/python3.8/site-packages/my_python_node
[2.363s] copying /home/johan/Documents/final_assignment/build/my_python_node/build/lib/my_python_node/simple_node.py -> /home/johan/Documents/final_assignment/install/my_python_node/lib/python3.8/site-packages/my_python_node
[2.364s] byte-compiling /home/johan/Documents/final_assignment/install/my_python_node/lib/python3.8/site-packages/my_python_node/__init__.py to __init__.cpython-38.pyc
[2.366s] byte-compiling /home/johan/Documents/final_assignment/install/my_python_node/lib/python3.8/site-packages/my_python_node/simple_node.py to simple_node.cpython-38.pyc
[2.366s] running install_data
[2.367s] creating /home/johan/Documents/final_assignment/install/my_python_node/share/ament_index
[2.367s] creating /home/johan/Documents/final_assignment/install/my_python_node/share/ament_index/resource_index
[2.367s] creating /home/johan/Documents/final_assignment/install/my_python_node/share/ament_index/resource_index/packages
[2.367s] copying resource/my_python_node -> /home/johan/Documents/final_assignment/install/my_python_node/share/ament_index/resource_index/packages
[2.368s] copying package.xml -> /home/johan/Documents/final_assignment/install/my_python_node/share/my_python_node
[2.368s] running install_egg_info
[2.369s] Copying ../../build/my_python_node/my_python_node.egg-info to /home/johan/Documents/final_assignment/install/my_python_node/lib/python3.8/site-packages/my_python_node-0.0.0-py3.8.egg-info
[2.370s] running install_scripts
[2.393s] Installing simple_node script to /home/johan/Documents/final_assignment/install/my_python_node/lib/my_python_node
[2.394s] writing list of installed files to '/home/johan/Documents/final_assignment/build/my_python_node/install.log'
[2.446s] Invoked command in '/home/johan/Documents/final_assignment/src/my_python_node' returned '0': PYTHONPATH=/home/johan/Documents/final_assignment/build/my_python_node/prefix_override:/usr/lib/python3/dist-packages/colcon_core/task/python/colcon_distutils_commands:/home/johan/Documents/final_assignment/install/my_python_node/lib/python3.8/site-packages:${PYTHONPATH} /usr/bin/python3 -W ignore:setup.py install is deprecated setup.py egg_info --egg-base ../../build/my_python_node build --build-base /home/johan/Documents/final_assignment/build/my_python_node/build install --record /home/johan/Documents/final_assignment/build/my_python_node/install.log --install-scripts $base/lib/my_python_node --single-version-externally-managed install_data
