[2.134s] Invoking command in '/home/johan/Documents/final_assignment/src/my_python_node': PYTHONPATH=/home/johan/Documents/final_assignment/build/my_python_node/prefix_override:/usr/lib/python3/dist-packages/colcon_core/task/python/colcon_distutils_commands:/home/johan/Documents/final_assignment/install/my_python_node/lib/python3.8/site-packages:${PYTHONPATH} /usr/bin/python3 -W ignore:setup.py install is deprecated setup.py egg_info --egg-base ../../build/my_python_node build --build-base /home/johan/Documents/final_assignment/build/my_python_node/build install --record /home/johan/Documents/final_assignment/build/my_python_node/install.log --install-scripts $base/lib/my_python_node --single-version-externally-managed install_data
[2.300s] running egg_info
[2.300s] writing ../../build/my_python_node/my_python_node.egg-info/PKG-INFO
[2.326s] writing dependency_links to ../../build/my_python_node/my_python_node.egg-info/dependency_links.txt
[2.326s] writing entry points to ../../build/my_python_node/my_python_node.egg-info/entry_points.txt
[2.327s] writing requirements to ../../build/my_python_node/my_python_node.egg-info/requires.txt
[2.327s] writing top-level names to ../../build/my_python_node/my_python_node.egg-info/top_level.txt
[2.422s] reading manifest file '../../build/my_python_node/my_python_node.egg-info/SOURCES.txt'
[2.429s] writing manifest file '../../build/my_python_node/my_python_node.egg-info/SOURCES.txt'
[2.430s] running build
[2.430s] running build_py
[2.430s] copying my_python_node/TSM_node.py -> /home/johan/Documents/final_assignment/build/my_python_node/build/lib/my_python_node
[2.459s] copying my_python_node/TSM_node_copy.py -> /home/johan/Documents/final_assignment/build/my_python_node/build/lib/my_python_node
[2.459s] copying my_python_node/Read_BRAM.py -> /home/johan/Documents/final_assignment/build/my_python_node/build/lib/my_python_node
[2.459s] running install
[2.461s] running install_lib
[2.471s] copying /home/johan/Documents/final_assignment/build/my_python_node/build/lib/my_python_node/TSM_node.py -> /home/johan/Documents/final_assignment/install/my_python_node/lib/python3.8/site-packages/my_python_node
[2.472s] copying /home/johan/Documents/final_assignment/build/my_python_node/build/lib/my_python_node/TSM_node_copy.py -> /home/johan/Documents/final_assignment/install/my_python_node/lib/python3.8/site-packages/my_python_node
[2.472s] copying /home/johan/Documents/final_assignment/build/my_python_node/build/lib/my_python_node/Read_BRAM.py -> /home/johan/Documents/final_assignment/install/my_python_node/lib/python3.8/site-packages/my_python_node
[2.473s] byte-compiling /home/johan/Documents/final_assignment/install/my_python_node/lib/python3.8/site-packages/my_python_node/TSM_node.py to TSM_node.cpython-38.pyc
[2.477s] byte-compiling /home/johan/Documents/final_assignment/install/my_python_node/lib/python3.8/site-packages/my_python_node/TSM_node_copy.py to TSM_node_copy.cpython-38.pyc
[2.479s] byte-compiling /home/johan/Documents/final_assignment/install/my_python_node/lib/python3.8/site-packages/my_python_node/Read_BRAM.py to Read_BRAM.cpython-38.pyc
[2.480s] running install_data
[2.480s] running install_egg_info
[2.483s] removing '/home/johan/Documents/final_assignment/install/my_python_node/lib/python3.8/site-packages/my_python_node-0.0.0-py3.8.egg-info' (and everything under it)
[2.483s] Copying ../../build/my_python_node/my_python_node.egg-info to /home/johan/Documents/final_assignment/install/my_python_node/lib/python3.8/site-packages/my_python_node-0.0.0-py3.8.egg-info
[2.513s] running install_scripts
[2.534s] Installing BRAM_node script to /home/johan/Documents/final_assignment/install/my_python_node/lib/my_python_node
[2.534s] Installing TSM_node script to /home/johan/Documents/final_assignment/install/my_python_node/lib/my_python_node
[2.534s] Installing simple_node script to /home/johan/Documents/final_assignment/install/my_python_node/lib/my_python_node
[2.534s] writing list of installed files to '/home/johan/Documents/final_assignment/build/my_python_node/install.log'
[2.559s] Invoked command in '/home/johan/Documents/final_assignment/src/my_python_node' returned '0': PYTHONPATH=/home/johan/Documents/final_assignment/build/my_python_node/prefix_override:/usr/lib/python3/dist-packages/colcon_core/task/python/colcon_distutils_commands:/home/johan/Documents/final_assignment/install/my_python_node/lib/python3.8/site-packages:${PYTHONPATH} /usr/bin/python3 -W ignore:setup.py install is deprecated setup.py egg_info --egg-base ../../build/my_python_node build --build-base /home/johan/Documents/final_assignment/build/my_python_node/build install --record /home/johan/Documents/final_assignment/build/my_python_node/install.log --install-scripts $base/lib/my_python_node --single-version-externally-managed install_data
