[0.899s] Invoking command in '/home/johan/Documents/final_assignment/src/my_python_node': PYTHONPATH=/home/johan/Documents/final_assignment/build/my_python_node/prefix_override:/usr/lib/python3/dist-packages/colcon_core/task/python/colcon_distutils_commands:/home/johan/Documents/final_assignment/install/my_python_node/lib/python3.8/site-packages:${PYTHONPATH} /usr/bin/python3 -W ignore:setup.py install is deprecated setup.py egg_info --egg-base ../../build/my_python_node build --build-base /home/johan/Documents/final_assignment/build/my_python_node/build install --record /home/johan/Documents/final_assignment/build/my_python_node/install.log --install-scripts $base/lib/my_python_node --single-version-externally-managed install_data
[1.155s] running egg_info
[1.155s] writing ../../build/my_python_node/my_python_node.egg-info/PKG-INFO
[1.156s] writing dependency_links to ../../build/my_python_node/my_python_node.egg-info/dependency_links.txt
[1.156s] writing entry points to ../../build/my_python_node/my_python_node.egg-info/entry_points.txt
[1.156s] writing requirements to ../../build/my_python_node/my_python_node.egg-info/requires.txt
[1.157s] writing top-level names to ../../build/my_python_node/my_python_node.egg-info/top_level.txt
[1.200s] reading manifest file '../../build/my_python_node/my_python_node.egg-info/SOURCES.txt'
[1.230s] writing manifest file '../../build/my_python_node/my_python_node.egg-info/SOURCES.txt'
[1.230s] running build
[1.230s] running build_py
[1.230s] copying my_python_node/TSM_node.py -> /home/johan/Documents/final_assignment/build/my_python_node/build/lib/my_python_node
[1.318s] running install
[1.320s] running install_lib
[1.322s] copying /home/johan/Documents/final_assignment/build/my_python_node/build/lib/my_python_node/TSM_node.py -> /home/johan/Documents/final_assignment/install/my_python_node/lib/python3.8/site-packages/my_python_node
[1.322s] byte-compiling /home/johan/Documents/final_assignment/install/my_python_node/lib/python3.8/site-packages/my_python_node/TSM_node.py to TSM_node.cpython-38.pyc
[1.327s] running install_data
[1.328s] running install_egg_info
[1.330s] removing '/home/johan/Documents/final_assignment/install/my_python_node/lib/python3.8/site-packages/my_python_node-0.0.0-py3.8.egg-info' (and everything under it)
[1.330s] Copying ../../build/my_python_node/my_python_node.egg-info to /home/johan/Documents/final_assignment/install/my_python_node/lib/python3.8/site-packages/my_python_node-0.0.0-py3.8.egg-info
[1.331s] running install_scripts
[1.356s] Installing TSM_node script to /home/johan/Documents/final_assignment/install/my_python_node/lib/my_python_node
[1.357s] Installing simple_node script to /home/johan/Documents/final_assignment/install/my_python_node/lib/my_python_node
[1.357s] writing list of installed files to '/home/johan/Documents/final_assignment/build/my_python_node/install.log'
[1.411s] Invoked command in '/home/johan/Documents/final_assignment/src/my_python_node' returned '0': PYTHONPATH=/home/johan/Documents/final_assignment/build/my_python_node/prefix_override:/usr/lib/python3/dist-packages/colcon_core/task/python/colcon_distutils_commands:/home/johan/Documents/final_assignment/install/my_python_node/lib/python3.8/site-packages:${PYTHONPATH} /usr/bin/python3 -W ignore:setup.py install is deprecated setup.py egg_info --egg-base ../../build/my_python_node build --build-base /home/johan/Documents/final_assignment/build/my_python_node/build install --record /home/johan/Documents/final_assignment/build/my_python_node/install.log --install-scripts $base/lib/my_python_node --single-version-externally-managed install_data
