[3.831s] DEBUG:colcon:Command line arguments: ['/usr/bin/colcon', 'build']
[3.831s] DEBUG:colcon:Parsed command line arguments: Namespace(allow_overriding=[], ament_cmake_args=None, base_paths=['.'], build_base='build', catkin_cmake_args=None, catkin_skip_building_tests=False, cmake_args=None, cmake_clean_cache=False, cmake_clean_first=False, cmake_force_configure=False, cmake_target=None, cmake_target_skip_unavailable=False, continue_on_error=False, event_handlers=None, executor='parallel', ignore_user_meta=False, install_base='install', log_base=None, log_level=None, main=<bound method BuildVerb.main of <colcon_core.verb.build.BuildVerb object at 0x7fc0b96afcd0>>, merge_install=False, metas=['./colcon.meta'], mixin=None, mixin_files=None, mixin_verb=('build',), packages_above=None, packages_above_and_dependencies=None, packages_above_depth=None, packages_end=None, packages_ignore=None, packages_ignore_regex=None, packages_select=None, packages_select_build_failed=False, packages_select_by_dep=None, packages_select_regex=None, packages_select_test_failures=False, packages_skip=None, packages_skip_build_finished=False, packages_skip_by_dep=None, packages_skip_regex=None, packages_skip_test_passed=False, packages_skip_up_to=None, packages_start=None, packages_up_to=None, packages_up_to_regex=None, parallel_workers=8, paths=None, symlink_install=False, test_result_base=None, verb_extension=<colcon_core.verb.build.BuildVerb object at 0x7fc0b96afcd0>, verb_name='build', verb_parser=<colcon_mixin.mixin.mixin_argument.MixinArgumentDecorator object at 0x7fc0b96c4400>)
[4.687s] Level 1:colcon.colcon_core.package_discovery:discover_packages(colcon_meta) check parameters
[4.688s] Level 1:colcon.colcon_core.package_discovery:discover_packages(recursive) check parameters
[4.688s] Level 1:colcon.colcon_core.package_discovery:discover_packages(ignore) check parameters
[4.688s] Level 1:colcon.colcon_core.package_discovery:discover_packages(path) check parameters
[4.688s] Level 1:colcon.colcon_core.package_discovery:discover_packages(colcon_meta) discover
[4.688s] Level 1:colcon.colcon_core.package_discovery:discover_packages(recursive) discover
[4.688s] INFO:colcon.colcon_core.package_discovery:Crawling recursively for packages in '/home/johan/Documents/final_assignment'
[4.688s] Level 1:colcon.colcon_core.package_identification:_identify(.) by extensions ['ignore', 'ignore_ament_install']
[4.689s] Level 1:colcon.colcon_core.package_identification:_identify(.) by extension 'ignore'
[4.689s] Level 1:colcon.colcon_core.package_identification:_identify(.) by extension 'ignore_ament_install'
[4.689s] Level 1:colcon.colcon_core.package_identification:_identify(.) by extensions ['colcon_pkg']
[4.689s] Level 1:colcon.colcon_core.package_identification:_identify(.) by extension 'colcon_pkg'
[4.689s] Level 1:colcon.colcon_core.package_identification:_identify(.) by extensions ['colcon_meta']
[4.689s] Level 1:colcon.colcon_core.package_identification:_identify(.) by extension 'colcon_meta'
[4.689s] Level 1:colcon.colcon_core.package_identification:_identify(.) by extensions ['ros']
[4.690s] Level 1:colcon.colcon_core.package_identification:_identify(.) by extension 'ros'
[4.801s] Level 1:colcon.colcon_core.package_identification:_identify(.) by extensions ['cmake', 'python']
[4.801s] Level 1:colcon.colcon_core.package_identification:_identify(.) by extension 'cmake'
[4.801s] Level 1:colcon.colcon_core.package_identification:_identify(.) by extension 'python'
[4.801s] Level 1:colcon.colcon_core.package_identification:_identify(.) by extensions ['python_setup_py']
[4.801s] Level 1:colcon.colcon_core.package_identification:_identify(.) by extension 'python_setup_py'
[4.801s] Level 1:colcon.colcon_core.package_identification:_identify(build) by extensions ['ignore', 'ignore_ament_install']
[4.801s] Level 1:colcon.colcon_core.package_identification:_identify(build) by extension 'ignore'
[4.801s] Level 1:colcon.colcon_core.package_identification:_identify(build) ignored
[4.802s] Level 1:colcon.colcon_core.package_identification:_identify(install) by extensions ['ignore', 'ignore_ament_install']
[4.802s] Level 1:colcon.colcon_core.package_identification:_identify(install) by extension 'ignore'
[4.802s] Level 1:colcon.colcon_core.package_identification:_identify(install) ignored
[4.802s] Level 1:colcon.colcon_core.package_identification:_identify(log) by extensions ['ignore', 'ignore_ament_install']
[4.802s] Level 1:colcon.colcon_core.package_identification:_identify(log) by extension 'ignore'
[4.802s] Level 1:colcon.colcon_core.package_identification:_identify(log) ignored
[4.802s] Level 1:colcon.colcon_core.package_identification:_identify(src) by extensions ['ignore', 'ignore_ament_install']
[4.802s] Level 1:colcon.colcon_core.package_identification:_identify(src) by extension 'ignore'
[4.802s] Level 1:colcon.colcon_core.package_identification:_identify(src) by extension 'ignore_ament_install'
[4.802s] Level 1:colcon.colcon_core.package_identification:_identify(src) by extensions ['colcon_pkg']
[4.802s] Level 1:colcon.colcon_core.package_identification:_identify(src) by extension 'colcon_pkg'
[4.802s] Level 1:colcon.colcon_core.package_identification:_identify(src) by extensions ['colcon_meta']
[4.803s] Level 1:colcon.colcon_core.package_identification:_identify(src) by extension 'colcon_meta'
[4.803s] Level 1:colcon.colcon_core.package_identification:_identify(src) by extensions ['ros']
[4.803s] Level 1:colcon.colcon_core.package_identification:_identify(src) by extension 'ros'
[4.803s] Level 1:colcon.colcon_core.package_identification:_identify(src) by extensions ['cmake', 'python']
[4.803s] Level 1:colcon.colcon_core.package_identification:_identify(src) by extension 'cmake'
[4.803s] Level 1:colcon.colcon_core.package_identification:_identify(src) by extension 'python'
[4.803s] Level 1:colcon.colcon_core.package_identification:_identify(src) by extensions ['python_setup_py']
[4.803s] Level 1:colcon.colcon_core.package_identification:_identify(src) by extension 'python_setup_py'
[4.803s] Level 1:colcon.colcon_core.package_identification:_identify(src/my_python_node) by extensions ['ignore', 'ignore_ament_install']
[4.803s] Level 1:colcon.colcon_core.package_identification:_identify(src/my_python_node) by extension 'ignore'
[4.803s] Level 1:colcon.colcon_core.package_identification:_identify(src/my_python_node) by extension 'ignore_ament_install'
[4.803s] Level 1:colcon.colcon_core.package_identification:_identify(src/my_python_node) by extensions ['colcon_pkg']
[4.803s] Level 1:colcon.colcon_core.package_identification:_identify(src/my_python_node) by extension 'colcon_pkg'
[4.803s] Level 1:colcon.colcon_core.package_identification:_identify(src/my_python_node) by extensions ['colcon_meta']
[4.803s] Level 1:colcon.colcon_core.package_identification:_identify(src/my_python_node) by extension 'colcon_meta'
[4.803s] Level 1:colcon.colcon_core.package_identification:_identify(src/my_python_node) by extensions ['ros']
[4.803s] Level 1:colcon.colcon_core.package_identification:_identify(src/my_python_node) by extension 'ros'
[4.866s] DEBUG:colcon.colcon_core.package_identification:Package 'src/my_python_node' with type 'ros.ament_python' and name 'my_python_node'
[4.866s] Level 1:colcon.colcon_core.package_discovery:discover_packages(recursive) using defaults
[4.866s] Level 1:colcon.colcon_core.package_discovery:discover_packages(ignore) discover
[4.866s] Level 1:colcon.colcon_core.package_discovery:discover_packages(ignore) using defaults
[4.866s] Level 1:colcon.colcon_core.package_discovery:discover_packages(path) discover
[4.866s] Level 1:colcon.colcon_core.package_discovery:discover_packages(path) using defaults
[5.098s] Level 1:colcon.colcon_core.package_discovery:discover_packages(prefix_path) check parameters
[5.098s] Level 1:colcon.colcon_core.package_discovery:discover_packages(prefix_path) discover
[5.107s] DEBUG:colcon.colcon_installed_package_information.package_discovery:Found 264 installed packages in /opt/ros/foxy
[5.110s] Level 1:colcon.colcon_core.package_discovery:discover_packages(prefix_path) using defaults
[6.456s] Level 5:colcon.colcon_core.verb:set package 'my_python_node' build argument 'cmake_args' from command line to 'None'
[6.456s] Level 5:colcon.colcon_core.verb:set package 'my_python_node' build argument 'cmake_target' from command line to 'None'
[6.456s] Level 5:colcon.colcon_core.verb:set package 'my_python_node' build argument 'cmake_target_skip_unavailable' from command line to 'False'
[6.456s] Level 5:colcon.colcon_core.verb:set package 'my_python_node' build argument 'cmake_clean_cache' from command line to 'False'
[6.456s] Level 5:colcon.colcon_core.verb:set package 'my_python_node' build argument 'cmake_clean_first' from command line to 'False'
[6.456s] Level 5:colcon.colcon_core.verb:set package 'my_python_node' build argument 'cmake_force_configure' from command line to 'False'
[6.456s] Level 5:colcon.colcon_core.verb:set package 'my_python_node' build argument 'ament_cmake_args' from command line to 'None'
[6.456s] Level 5:colcon.colcon_core.verb:set package 'my_python_node' build argument 'catkin_cmake_args' from command line to 'None'
[6.456s] Level 5:colcon.colcon_core.verb:set package 'my_python_node' build argument 'catkin_skip_building_tests' from command line to 'False'
[6.456s] DEBUG:colcon.colcon_core.verb:Building package 'my_python_node' with the following arguments: {'ament_cmake_args': None, 'build_base': '/home/johan/Documents/final_assignment/build/my_python_node', 'catkin_cmake_args': None, 'catkin_skip_building_tests': False, 'cmake_args': None, 'cmake_clean_cache': False, 'cmake_clean_first': False, 'cmake_force_configure': False, 'cmake_target': None, 'cmake_target_skip_unavailable': False, 'install_base': '/home/johan/Documents/final_assignment/install/my_python_node', 'merge_install': False, 'path': '/home/johan/Documents/final_assignment/src/my_python_node', 'symlink_install': False, 'test_result_base': None}
[6.457s] INFO:colcon.colcon_core.executor:Executing jobs using 'parallel' executor
[6.459s] DEBUG:colcon.colcon_parallel_executor.executor.parallel:run_until_complete
[6.460s] INFO:colcon.colcon_ros.task.ament_python.build:Building ROS package in '/home/johan/Documents/final_assignment/src/my_python_node' with build type 'ament_python'
[6.460s] Level 1:colcon.colcon_core.shell:create_environment_hook('my_python_node', 'ament_prefix_path')
[6.466s] INFO:colcon.colcon_core.plugin_system:Skipping extension 'colcon_core.shell.bat': Not used on non-Windows systems
[6.467s] INFO:colcon.colcon_core.shell:Creating environment hook '/home/johan/Documents/final_assignment/install/my_python_node/share/my_python_node/hook/ament_prefix_path.ps1'
[6.497s] INFO:colcon.colcon_core.shell:Creating environment descriptor '/home/johan/Documents/final_assignment/install/my_python_node/share/my_python_node/hook/ament_prefix_path.dsv'
[6.498s] INFO:colcon.colcon_core.shell:Creating environment hook '/home/johan/Documents/final_assignment/install/my_python_node/share/my_python_node/hook/ament_prefix_path.sh'
[6.501s] INFO:colcon.colcon_core.shell:Skip shell extension 'powershell' for command environment: Not usable outside of PowerShell
[6.501s] DEBUG:colcon.colcon_core.shell:Skip shell extension 'dsv' for command environment
[6.833s] INFO:colcon.colcon_core.task.python.build:Building Python package in '/home/johan/Documents/final_assignment/src/my_python_node'
[6.834s] INFO:colcon.colcon_core.shell:Skip shell extension 'powershell' for command environment: Not usable outside of PowerShell
[6.834s] DEBUG:colcon.colcon_core.shell:Skip shell extension 'dsv' for command environment
[9.924s] DEBUG:colcon.colcon_core.event_handler.log_command:Invoking command in '/home/johan/Documents/final_assignment/src/my_python_node': PYTHONPATH=/home/johan/Documents/final_assignment/build/my_python_node/prefix_override:/usr/lib/python3/dist-packages/colcon_core/task/python/colcon_distutils_commands:/home/johan/Documents/final_assignment/install/my_python_node/lib/python3.8/site-packages:${PYTHONPATH} /usr/bin/python3 -W ignore:setup.py install is deprecated setup.py egg_info --egg-base ../../build/my_python_node build --build-base /home/johan/Documents/final_assignment/build/my_python_node/build install --record /home/johan/Documents/final_assignment/build/my_python_node/install.log --install-scripts $base/lib/my_python_node --single-version-externally-managed install_data
[10.580s] DEBUG:colcon.colcon_core.event_handler.log_command:Invoked command in '/home/johan/Documents/final_assignment/src/my_python_node' returned '0': PYTHONPATH=/home/johan/Documents/final_assignment/build/my_python_node/prefix_override:/usr/lib/python3/dist-packages/colcon_core/task/python/colcon_distutils_commands:/home/johan/Documents/final_assignment/install/my_python_node/lib/python3.8/site-packages:${PYTHONPATH} /usr/bin/python3 -W ignore:setup.py install is deprecated setup.py egg_info --egg-base ../../build/my_python_node build --build-base /home/johan/Documents/final_assignment/build/my_python_node/build install --record /home/johan/Documents/final_assignment/build/my_python_node/install.log --install-scripts $base/lib/my_python_node --single-version-externally-managed install_data
[10.714s] Level 1:colcon.colcon_core.environment:checking '/home/johan/Documents/final_assignment/install/my_python_node' for CMake module files
[10.715s] Level 1:colcon.colcon_core.environment:checking '/home/johan/Documents/final_assignment/install/my_python_node' for CMake config files
[10.717s] Level 1:colcon.colcon_core.environment:checking '/home/johan/Documents/final_assignment/install/my_python_node/lib'
[10.717s] Level 1:colcon.colcon_core.environment:checking '/home/johan/Documents/final_assignment/install/my_python_node/bin'
[10.717s] Level 1:colcon.colcon_core.environment:checking '/home/johan/Documents/final_assignment/install/my_python_node/lib/pkgconfig/my_python_node.pc'
[10.718s] Level 1:colcon.colcon_core.environment:checking '/home/johan/Documents/final_assignment/install/my_python_node/lib/python3.8/site-packages'
[10.718s] Level 1:colcon.colcon_core.shell:create_environment_hook('my_python_node', 'pythonpath')
[10.719s] INFO:colcon.colcon_core.shell:Creating environment hook '/home/johan/Documents/final_assignment/install/my_python_node/share/my_python_node/hook/pythonpath.ps1'
[10.720s] INFO:colcon.colcon_core.shell:Creating environment descriptor '/home/johan/Documents/final_assignment/install/my_python_node/share/my_python_node/hook/pythonpath.dsv'
[10.720s] INFO:colcon.colcon_core.shell:Creating environment hook '/home/johan/Documents/final_assignment/install/my_python_node/share/my_python_node/hook/pythonpath.sh'
[10.721s] Level 1:colcon.colcon_core.environment:checking '/home/johan/Documents/final_assignment/install/my_python_node/bin'
[10.721s] Level 1:colcon.colcon_core.environment:create_environment_scripts_only(my_python_node)
[10.722s] INFO:colcon.colcon_core.shell:Creating package script '/home/johan/Documents/final_assignment/install/my_python_node/share/my_python_node/package.ps1'
[10.782s] INFO:colcon.colcon_core.shell:Creating package descriptor '/home/johan/Documents/final_assignment/install/my_python_node/share/my_python_node/package.dsv'
[10.784s] INFO:colcon.colcon_core.shell:Creating package script '/home/johan/Documents/final_assignment/install/my_python_node/share/my_python_node/package.sh'
[10.786s] INFO:colcon.colcon_core.shell:Creating package script '/home/johan/Documents/final_assignment/install/my_python_node/share/my_python_node/package.bash'
[10.825s] INFO:colcon.colcon_core.shell:Creating package script '/home/johan/Documents/final_assignment/install/my_python_node/share/my_python_node/package.zsh'
[10.900s] Level 1:colcon.colcon_core.environment:create_file_with_runtime_dependencies(/home/johan/Documents/final_assignment/install/my_python_node/share/colcon-core/packages/my_python_node)
[10.901s] DEBUG:colcon.colcon_parallel_executor.executor.parallel:closing loop
[10.902s] DEBUG:colcon.colcon_parallel_executor.executor.parallel:loop closed
[10.902s] DEBUG:colcon.colcon_parallel_executor.executor.parallel:run_until_complete finished with '0'
[10.902s] DEBUG:colcon.colcon_core.event_reactor:joining thread
[11.007s] INFO:colcon.colcon_core.plugin_system:Skipping extension 'colcon_notification.desktop_notification.terminal_notifier': Not used on non-Darwin systems
[11.007s] INFO:colcon.colcon_core.plugin_system:Skipping extension 'colcon_notification.desktop_notification.win32': Not used on non-Windows systems
[11.008s] INFO:colcon.colcon_notification.desktop_notification:Sending desktop notification using 'notify2'
[11.034s] DEBUG:colcon.colcon_core.event_reactor:joined thread
[11.034s] INFO:colcon.colcon_core.shell:Creating prefix script '/home/johan/Documents/final_assignment/install/local_setup.ps1'
[11.066s] INFO:colcon.colcon_core.shell:Creating prefix util module '/home/johan/Documents/final_assignment/install/_local_setup_util_ps1.py'
[11.069s] INFO:colcon.colcon_core.shell:Creating prefix chain script '/home/johan/Documents/final_assignment/install/setup.ps1'
[11.072s] INFO:colcon.colcon_core.shell:Creating prefix script '/home/johan/Documents/final_assignment/install/local_setup.sh'
[11.074s] INFO:colcon.colcon_core.shell:Creating prefix util module '/home/johan/Documents/final_assignment/install/_local_setup_util_sh.py'
[11.074s] INFO:colcon.colcon_core.shell:Creating prefix chain script '/home/johan/Documents/final_assignment/install/setup.sh'
[11.076s] INFO:colcon.colcon_core.shell:Creating prefix script '/home/johan/Documents/final_assignment/install/local_setup.bash'
[11.076s] INFO:colcon.colcon_core.shell:Creating prefix chain script '/home/johan/Documents/final_assignment/install/setup.bash'
[11.078s] INFO:colcon.colcon_core.shell:Creating prefix script '/home/johan/Documents/final_assignment/install/local_setup.zsh'
[11.078s] INFO:colcon.colcon_core.shell:Creating prefix chain script '/home/johan/Documents/final_assignment/install/setup.zsh'
