[0.497s] Invoking command in '/home/johan/Documents/final_assignment/src/my_python_node': PYTHONPATH=/home/johan/Documents/final_assignment/build/my_python_node/prefix_override:/usr/lib/python3/dist-packages/colcon_core/task/python/colcon_distutils_commands:/home/johan/Documents/final_assignment/install/my_python_node/lib/python3.8/site-packages:${PYTHONPATH} /usr/bin/python3 -W ignore:setup.py install is deprecated setup.py egg_info --egg-base ../../build/my_python_node build --build-base /home/johan/Documents/final_assignment/build/my_python_node/build install --record /home/johan/Documents/final_assignment/build/my_python_node/install.log --install-scripts $base/lib/my_python_node --single-version-externally-managed install_data
[0.656s] running egg_info
[0.656s] writing ../../build/my_python_node/my_python_node.egg-info/PKG-INFO
[0.657s] writing dependency_links to ../../build/my_python_node/my_python_node.egg-info/dependency_links.txt
[0.657s] writing entry points to ../../build/my_python_node/my_python_node.egg-info/entry_points.txt
[0.657s] writing requirements to ../../build/my_python_node/my_python_node.egg-info/requires.txt
[0.657s] writing top-level names to ../../build/my_python_node/my_python_node.egg-info/top_level.txt
[0.684s] reading manifest file '../../build/my_python_node/my_python_node.egg-info/SOURCES.txt'
[0.703s] writing manifest file '../../build/my_python_node/my_python_node.egg-info/SOURCES.txt'
[0.703s] running build
[0.704s] running build_py
[0.704s] running install
[0.706s] running install_lib
[0.709s] running install_data
[0.709s] running install_egg_info
[0.711s] removing '/home/johan/Documents/final_assignment/install/my_python_node/lib/python3.8/site-packages/my_python_node-0.0.0-py3.8.egg-info' (and everything under it)
[0.711s] Copying ../../build/my_python_node/my_python_node.egg-info to /home/johan/Documents/final_assignment/install/my_python_node/lib/python3.8/site-packages/my_python_node-0.0.0-py3.8.egg-info
[0.712s] running install_scripts
[0.726s] Installing TSM_node script to /home/johan/Documents/final_assignment/install/my_python_node/lib/my_python_node
[0.726s] Installing simple_node script to /home/johan/Documents/final_assignment/install/my_python_node/lib/my_python_node
[0.726s] writing list of installed files to '/home/johan/Documents/final_assignment/build/my_python_node/install.log'
[0.753s] Invoked command in '/home/johan/Documents/final_assignment/src/my_python_node' returned '0': PYTHONPATH=/home/johan/Documents/final_assignment/build/my_python_node/prefix_override:/usr/lib/python3/dist-packages/colcon_core/task/python/colcon_distutils_commands:/home/johan/Documents/final_assignment/install/my_python_node/lib/python3.8/site-packages:${PYTHONPATH} /usr/bin/python3 -W ignore:setup.py install is deprecated setup.py egg_info --egg-base ../../build/my_python_node build --build-base /home/johan/Documents/final_assignment/build/my_python_node/build install --record /home/johan/Documents/final_assignment/build/my_python_node/install.log --install-scripts $base/lib/my_python_node --single-version-externally-managed install_data
